Performing C SOURCE FILE Test CMAKE_HAVE_LIBC_PTHREAD failed with the following output:
Change Dir: /home/shuaishuai/project/sylar_server/CMakeFiles/CMakeTmp

Run Build Command(s):/usr/bin/gmake -f Makefile cmTC_12ed2/fast && gmake[1]: Entering directory `/home/shuaishuai/project/sylar_server/CMakeFiles/CMakeTmp'
/usr/bin/gmake  -f CMakeFiles/cmTC_12ed2.dir/build.make CMakeFiles/cmTC_12ed2.dir/build
gmake[2]: Entering directory `/home/shuaishuai/project/sylar_server/CMakeFiles/CMakeTmp'
Building C object CMakeFiles/cmTC_12ed2.dir/src.c.o
/usr/bin/cc -DCMAKE_HAVE_LIBC_PTHREAD   -o CMakeFiles/cmTC_12ed2.dir/src.c.o -c /home/shuaishuai/project/sylar_server/CMakeFiles/CMakeTmp/src.c
Linking C executable cmTC_12ed2
/usr/local/bin/cmake -E cmake_link_script CMakeFiles/cmTC_12ed2.dir/link.txt --verbose=1
/usr/bin/cc -rdynamic CMakeFiles/cmTC_12ed2.dir/src.c.o -o cmTC_12ed2 
CMakeFiles/cmTC_12ed2.dir/src.c.o: In function `main':
src.c:(.text+0x2d): undefined reference to `pthread_create'
src.c:(.text+0x39): undefined reference to `pthread_detach'
src.c:(.text+0x45): undefined reference to `pthread_cancel'
src.c:(.text+0x56): undefined reference to `pthread_join'
src.c:(.text+0x6a): undefined reference to `pthread_atfork'
collect2: error: ld returned 1 exit status
gmake[2]: *** [cmTC_12ed2] Error 1
gmake[2]: Leaving directory `/home/shuaishuai/project/sylar_server/CMakeFiles/CMakeTmp'
gmake[1]: *** [cmTC_12ed2/fast] Error 2
gmake[1]: Leaving directory `/home/shuaishuai/project/sylar_server/CMakeFiles/CMakeTmp'


Source file was:
#include <pthread.h>

static void* test_func(void* data)
{
  return data;
}

int main(void)
{
  pthread_t thread;
  pthread_create(&thread, NULL, test_func, NULL);
  pthread_detach(thread);
  pthread_cancel(thread);
  pthread_join(thread, NULL);
  pthread_atfork(NULL, NULL, NULL);
  pthread_exit(NULL);

  return 0;
}

Determining if the function pthread_create exists in the pthreads failed with the following output:
Change Dir: /home/shuaishuai/project/sylar_server/CMakeFiles/CMakeTmp

Run Build Command(s):/usr/bin/gmake -f Makefile cmTC_7a920/fast && gmake[1]: Entering directory `/home/shuaishuai/project/sylar_server/CMakeFiles/CMakeTmp'
/usr/bin/gmake  -f CMakeFiles/cmTC_7a920.dir/build.make CMakeFiles/cmTC_7a920.dir/build
gmake[2]: Entering directory `/home/shuaishuai/project/sylar_server/CMakeFiles/CMakeTmp'
Building C object CMakeFiles/cmTC_7a920.dir/CheckFunctionExists.c.o
/usr/bin/cc   -DCHECK_FUNCTION_EXISTS=pthread_create -o CMakeFiles/cmTC_7a920.dir/CheckFunctionExists.c.o -c /usr/local/share/cmake-3.22/Modules/CheckFunctionExists.c
Linking C executable cmTC_7a920
/usr/local/bin/cmake -E cmake_link_script CMakeFiles/cmTC_7a920.dir/link.txt --verbose=1
/usr/bin/cc  -DCHECK_FUNCTION_EXISTS=pthread_create -rdynamic CMakeFiles/cmTC_7a920.dir/CheckFunctionExists.c.o -o cmTC_7a920  -lpthreads 
/usr/bin/ld: cannot find -lpthreads
collect2: error: ld returned 1 exit status
gmake[2]: *** [cmTC_7a920] Error 1
gmake[2]: Leaving directory `/home/shuaishuai/project/sylar_server/CMakeFiles/CMakeTmp'
gmake[1]: *** [cmTC_7a920/fast] Error 2
gmake[1]: Leaving directory `/home/shuaishuai/project/sylar_server/CMakeFiles/CMakeTmp'



